# JRE version: Java(TM) SE Runtime Environment (8.0_261-b12) (build 1.8.0_261-b12)
# Java VM: Java HotSpot(TM) 64-Bit Server VM (25.261-b12 mixed mode windows-amd64 compressed oops)
Heap:
 PSYoungGen      total 37888K, used 14050K [0x00000000d6200000, 0x00000000d9e80000, 0x0000000100000000)
  eden space 32768K, 32% used [0x00000000d6200000,0x00000000d6c84738,0x00000000d8200000)
  from space 5120K, 64% used [0x00000000d8200000,0x00000000d85340e0,0x00000000d8700000)
  to   space 9216K, 0% used [0x00000000d9580000,0x00000000d9580000,0x00000000d9e80000)
 ParOldGen       total 93696K, used 7026K [0x0000000082600000, 0x0000000088180000, 0x00000000d6200000)
  object space 93696K, 7% used [0x0000000082600000,0x0000000082cdcb30,0x0000000088180000)
 Metaspace       used 25280K, capacity 26968K, committed 27264K, reserved 1075200K
  class space    used 3291K, capacity 3616K, committed 3712K, reserved 1048576K
GC Heap History (10 events):
Event: 2.637 GC heap before
{Heap before GC invocations=5 (full 1):
 PSYoungGen      total 37888K, used 5092K [0x00000000d6200000, 0x00000000d8c00000, 0x0000000100000000)
  eden space 32768K, 0% used [0x00000000d6200000,0x00000000d6200000,0x00000000d8200000)
  from space 5120K, 99% used [0x00000000d8700000,0x00000000d8bf9330,0x00000000d8c00000)
  to   space 5120K, 0% used [0x00000000d8200000,0x00000000d8200000,0x00000000d8700000)
 ParOldGen       total 86016K, used 5156K [0x0000000082600000, 0x0000000087a00000, 0x00000000d6200000)
  object space 86016K, 5% used [0x0000000082600000,0x0000000082b091b8,0x0000000087a00000)
 Metaspace       used 19925K, capacity 21200K, committed 21248K, reserved 1067008K
  class space    used 2546K, capacity 2808K, committed 2816K, reserved 1048576K
Event: 2.684 GC heap after
Heap after GC invocations=5 (full 1):
 PSYoungGen      total 37888K, used 0K [0x00000000d6200000, 0x00000000d8c00000, 0x0000000100000000)
  eden space 32768K, 0% used [0x00000000d6200000,0x00000000d6200000,0x00000000d8200000)
  from space 5120K, 0% used [0x00000000d8700000,0x00000000d8700000,0x00000000d8c00000)
  to   space 5120K, 0% used [0x00000000d8200000,0x00000000d8200000,0x00000000d8700000)
 ParOldGen       total 61440K, used 7408K [0x0000000082600000, 0x0000000086200000, 0x00000000d6200000)
  object space 61440K, 12% used [0x0000000082600000,0x0000000082d3c048,0x0000000086200000)
 Metaspace       used 19925K, capacity 21200K, committed 21248K, reserved 1067008K
  class space    used 2546K, capacity 2808K, committed 2816K, reserved 1048576K
}
Event: 3.136 GC heap before
{Heap before GC invocations=6 (full 1):
 PSYoungGen      total 37888K, used 32768K [0x00000000d6200000, 0x00000000d8c00000, 0x0000000100000000)
  eden space 32768K, 100% used [0x00000000d6200000,0x00000000d8200000,0x00000000d8200000)
  from space 5120K, 0% used [0x00000000d8700000,0x00000000d8700000,0x00000000d8c00000)
  to   space 5120K, 0% used [0x00000000d8200000,0x00000000d8200000,0x00000000d8700000)
 ParOldGen       total 61440K, used 7408K [0x0000000082600000, 0x0000000086200000, 0x00000000d6200000)
  object space 61440K, 12% used [0x0000000082600000,0x0000000082d3c048,0x0000000086200000)
 Metaspace       used 21882K, capacity 23328K, committed 23424K, reserved 1069056K
  class space    used 2841K, capacity 3126K, committed 3200K, reserved 1048576K
Event: 3.139 GC heap after
Heap after GC invocations=6 (full 1):
 PSYoungGen      total 37888K, used 3553K [0x00000000d6200000, 0x00000000da180000, 0x0000000100000000)
  eden space 32768K, 0% used [0x00000000d6200000,0x00000000d6200000,0x00000000d8200000)
  from space 5120K, 69% used [0x00000000d8200000,0x00000000d8578488,0x00000000d8700000)
  to   space 9216K, 0% used [0x00000000d9880000,0x00000000d9880000,0x00000000da180000)
 ParOldGen       total 61440K, used 7416K [0x0000000082600000, 0x0000000086200000, 0x00000000d6200000)
  object space 61440K, 12% used [0x0000000082600000,0x0000000082d3e048,0x0000000086200000)
 Metaspace       used 21882K, capacity 23328K, committed 23424K, reserved 1069056K
  class space    used 2841K, capacity 3126K, committed 3200K, reserved 1048576K
}
Event: 3.504 GC heap before
{Heap before GC invocations=7 (full 1):
 PSYoungGen      total 37888K, used 29594K [0x00000000d6200000, 0x00000000da180000, 0x0000000100000000)
  eden space 32768K, 79% used [0x00000000d6200000,0x00000000d7b6e520,0x00000000d8200000)
  from space 5120K, 69% used [0x00000000d8200000,0x00000000d8578488,0x00000000d8700000)
  to   space 9216K, 0% used [0x00000000d9880000,0x00000000d9880000,0x00000000da180000)
 ParOldGen       total 61440K, used 7416K [0x0000000082600000, 0x0000000086200000, 0x00000000d6200000)
  object space 61440K, 12% used [0x0000000082600000,0x0000000082d3e048,0x0000000086200000)
 Metaspace       used 22711K, capacity 24200K, committed 24320K, reserved 1075200K
  class space    used 2931K, capacity 3242K, committed 3328K, reserved 1048576K
Event: 3.516 GC heap after
Heap after GC invocations=7 (full 1):
 PSYoungGen      total 41984K, used 2501K [0x00000000d6200000, 0x00000000da180000, 0x0000000100000000)
  eden space 32768K, 0% used [0x00000000d6200000,0x00000000d6200000,0x00000000d8200000)
  from space 9216K, 27% used [0x00000000d9880000,0x00000000d9af17a0,0x00000000da180000)
  to   space 5120K, 0% used [0x00000000d8200000,0x00000000d8200000,0x00000000d8700000)
 ParOldGen       total 61440K, used 7424K [0x0000000082600000, 0x0000000086200000, 0x00000000d6200000)
  object space 61440K, 12% used [0x0000000082600000,0x0000000082d40048,0x0000000086200000)
 Metaspace       used 22711K, capacity 24200K, committed 24320K, reserved 1075200K
  class space    used 2931K, capacity 3242K, committed 3328K, reserved 1048576K
}
Event: 3.516 GC heap before
{Heap before GC invocations=8 (full 2):
 PSYoungGen      total 41984K, used 2501K [0x00000000d6200000, 0x00000000da180000, 0x0000000100000000)
  eden space 32768K, 0% used [0x00000000d6200000,0x00000000d6200000,0x00000000d8200000)
  from space 9216K, 27% used [0x00000000d9880000,0x00000000d9af17a0,0x00000000da180000)
  to   space 5120K, 0% used [0x00000000d8200000,0x00000000d8200000,0x00000000d8700000)
 ParOldGen       total 61440K, used 7424K [0x0000000082600000, 0x0000000086200000, 0x00000000d6200000)
  object space 61440K, 12% used [0x0000000082600000,0x0000000082d40048,0x0000000086200000)
 Metaspace       used 22711K, capacity 24200K, committed 24320K, reserved 1075200K
  class space    used 2931K, capacity 3242K, committed 3328K, reserved 1048576K
Event: 3.555 GC heap after
Heap after GC invocations=8 (full 2):
 PSYoungGen      total 41984K, used 0K [0x00000000d6200000, 0x00000000da180000, 0x0000000100000000)
  eden space 32768K, 0% used [0x00000000d6200000,0x00000000d6200000,0x00000000d8200000)
  from space 9216K, 0% used [0x00000000d9880000,0x00000000d9880000,0x00000000da180000)
  to   space 5120K, 0% used [0x00000000d8200000,0x00000000d8200000,0x00000000d8700000)
 ParOldGen       total 93696K, used 7018K [0x0000000082600000, 0x0000000088180000, 0x00000000d6200000)
  object space 93696K, 7% used [0x0000000082600000,0x0000000082cdab30,0x0000000088180000)
 Metaspace       used 22711K, capacity 24200K, committed 24320K, reserved 1073152K
  class space    used 2931K, capacity 3242K, committed 3328K, reserved 1048576K
}
Event: 3.850 GC heap before
{Heap before GC invocations=9 (full 2):
 PSYoungGen      total 41984K, used 32768K [0x00000000d6200000, 0x00000000da180000, 0x0000000100000000)
  eden space 32768K, 100% used [0x00000000d6200000,0x00000000d8200000,0x00000000d8200000)
  from space 9216K, 0% used [0x00000000d9880000,0x00000000d9880000,0x00000000da180000)
  to   space 5120K, 0% used [0x00000000d8200000,0x00000000d8200000,0x00000000d8700000)
 ParOldGen       total 93696K, used 7018K [0x0000000082600000, 0x0000000088180000, 0x00000000d6200000)
  object space 93696K, 7% used [0x0000000082600000,0x0000000082cdab30,0x0000000088180000)
 Metaspace       used 24841K, capacity 26462K, committed 26624K, reserved 1073152K
  class space    used 3230K, capacity 3531K, committed 3584K, reserved 1048576K
Event: 3.853 GC heap after
Heap after GC invocations=9 (full 2):
 PSYoungGen      total 37888K, used 3280K [0x00000000d6200000, 0x00000000d9e80000, 0x0000000100000000)
  eden space 32768K, 0% used [0x00000000d6200000,0x00000000d6200000,0x00000000d8200000)
  from space 5120K, 64% used [0x00000000d8200000,0x00000000d85340e0,0x00000000d8700000)
  to   space 9216K, 0% used [0x00000000d9580000,0x00000000d9580000,0x00000000d9e80000)
 ParOldGen       total 93696K, used 7026K [0x0000000082600000, 0x0000000088180000, 0x00000000d6200000)
  object space 93696K, 7% used [0x0000000082600000,0x0000000082cdcb30,0x0000000088180000)
 Metaspace       used 24841K, capacity 26462K, committed 26624K, reserved 1073152K
  class space    used 3230K, capacity 3531K, committed 3584K, reserved 1048576K
}

