# JRE version: Java(TM) SE Runtime Environment (8.0_261-b12) (build 1.8.0_261-b12)
# Java VM: Java HotSpot(TM) 64-Bit Server VM (25.261-b12 mixed mode windows-amd64 compressed oops)
Heap:
 PSYoungGen      total 74240K, used 9155K [0x00000000d6200000, 0x00000000dd200000, 0x0000000100000000)
  eden space 65536K, 3% used [0x00000000d6200000,0x00000000d6431240,0x00000000da200000)
  from space 8704K, 79% used [0x00000000dc980000,0x00000000dd03fd08,0x00000000dd200000)
  to   space 5120K, 0% used [0x00000000da200000,0x00000000da200000,0x00000000da700000)
 ParOldGen       total 59392K, used 7944K [0x0000000082600000, 0x0000000086000000, 0x00000000d6200000)
  object space 59392K, 13% used [0x0000000082600000,0x0000000082dc2280,0x0000000086000000)
 Metaspace       used 26842K, capacity 28968K, committed 29232K, reserved 1075200K
  class space    used 3510K, capacity 3876K, committed 3888K, reserved 1048576K
GC Heap History (10 events):
Event: 2.232 GC heap before
{Heap before GC invocations=3 (full 0):
 PSYoungGen      total 37888K, used 37874K [0x00000000d6200000, 0x00000000d8c00000, 0x0000000100000000)
  eden space 32768K, 100% used [0x00000000d6200000,0x00000000d8200000,0x00000000d8200000)
  from space 5120K, 99% used [0x00000000d8700000,0x00000000d8bfc8d8,0x00000000d8c00000)
  to   space 5120K, 0% used [0x00000000d8200000,0x00000000d8200000,0x00000000d8700000)
 ParOldGen       total 86016K, used 673K [0x0000000082600000, 0x0000000087a00000, 0x00000000d6200000)
  object space 86016K, 0% used [0x0000000082600000,0x00000000826a8428,0x0000000087a00000)
 Metaspace       used 16692K, capacity 17852K, committed 18048K, reserved 1064960K
  class space    used 2162K, capacity 2388K, committed 2432K, reserved 1048576K
Event: 2.241 GC heap after
Heap after GC invocations=3 (full 0):
 PSYoungGen      total 37888K, used 5091K [0x00000000d6200000, 0x00000000dac00000, 0x0000000100000000)
  eden space 32768K, 0% used [0x00000000d6200000,0x00000000d6200000,0x00000000d8200000)
  from space 5120K, 99% used [0x00000000d8200000,0x00000000d86f8d28,0x00000000d8700000)
  to   space 5120K, 0% used [0x00000000da700000,0x00000000da700000,0x00000000dac00000)
 ParOldGen       total 86016K, used 2375K [0x0000000082600000, 0x0000000087a00000, 0x00000000d6200000)
  object space 86016K, 2% used [0x0000000082600000,0x0000000082851c78,0x0000000087a00000)
 Metaspace       used 16692K, capacity 17852K, committed 18048K, reserved 1064960K
  class space    used 2162K, capacity 2388K, committed 2432K, reserved 1048576K
}
Event: 2.564 GC heap before
{Heap before GC invocations=4 (full 0):
 PSYoungGen      total 37888K, used 29975K [0x00000000d6200000, 0x00000000dac00000, 0x0000000100000000)
  eden space 32768K, 75% used [0x00000000d6200000,0x00000000d7a4d1a0,0x00000000d8200000)
  from space 5120K, 99% used [0x00000000d8200000,0x00000000d86f8d28,0x00000000d8700000)
  to   space 5120K, 0% used [0x00000000da700000,0x00000000da700000,0x00000000dac00000)
 ParOldGen       total 86016K, used 2375K [0x0000000082600000, 0x0000000087a00000, 0x00000000d6200000)
  object space 86016K, 2% used [0x0000000082600000,0x0000000082851c78,0x0000000087a00000)
 Metaspace       used 19915K, capacity 21220K, committed 21296K, reserved 1067008K
  class space    used 2548K, capacity 2838K, committed 2864K, reserved 1048576K
Event: 2.572 GC heap after
Heap after GC invocations=4 (full 0):
 PSYoungGen      total 70656K, used 5111K [0x00000000d6200000, 0x00000000dac00000, 0x0000000100000000)
  eden space 65536K, 0% used [0x00000000d6200000,0x00000000d6200000,0x00000000da200000)
  from space 5120K, 99% used [0x00000000da700000,0x00000000dabfdf60,0x00000000dac00000)
  to   space 5120K, 0% used [0x00000000da200000,0x00000000da200000,0x00000000da700000)
 ParOldGen       total 86016K, used 4968K [0x0000000082600000, 0x0000000087a00000, 0x00000000d6200000)
  object space 86016K, 5% used [0x0000000082600000,0x0000000082ada1c0,0x0000000087a00000)
 Metaspace       used 19915K, capacity 21220K, committed 21296K, reserved 1067008K
  class space    used 2548K, capacity 2838K, committed 2864K, reserved 1048576K
}
Event: 2.572 GC heap before
{Heap before GC invocations=5 (full 1):
 PSYoungGen      total 70656K, used 5111K [0x00000000d6200000, 0x00000000dac00000, 0x0000000100000000)
  eden space 65536K, 0% used [0x00000000d6200000,0x00000000d6200000,0x00000000da200000)
  from space 5120K, 99% used [0x00000000da700000,0x00000000dabfdf60,0x00000000dac00000)
  to   space 5120K, 0% used [0x00000000da200000,0x00000000da200000,0x00000000da700000)
 ParOldGen       total 86016K, used 4968K [0x0000000082600000, 0x0000000087a00000, 0x00000000d6200000)
  object space 86016K, 5% used [0x0000000082600000,0x0000000082ada1c0,0x0000000087a00000)
 Metaspace       used 19915K, capacity 21220K, committed 21296K, reserved 1067008K
  class space    used 2548K, capacity 2838K, committed 2864K, reserved 1048576K
Event: 2.607 GC heap after
Heap after GC invocations=5 (full 1):
 PSYoungGen      total 70656K, used 0K [0x00000000d6200000, 0x00000000dac00000, 0x0000000100000000)
  eden space 65536K, 0% used [0x00000000d6200000,0x00000000d6200000,0x00000000da200000)
  from space 5120K, 0% used [0x00000000da700000,0x00000000da700000,0x00000000dac00000)
  to   space 5120K, 0% used [0x00000000da200000,0x00000000da200000,0x00000000da700000)
 ParOldGen       total 59392K, used 7489K [0x0000000082600000, 0x0000000086000000, 0x00000000d6200000)
  object space 59392K, 12% used [0x0000000082600000,0x0000000082d50668,0x0000000086000000)
 Metaspace       used 19915K, capacity 21220K, committed 21296K, reserved 1067008K
  class space    used 2548K, capacity 2838K, committed 2864K, reserved 1048576K
}
Event: 3.513 GC heap before
{Heap before GC invocations=6 (full 1):
 PSYoungGen      total 70656K, used 65536K [0x00000000d6200000, 0x00000000dac00000, 0x0000000100000000)
  eden space 65536K, 100% used [0x00000000d6200000,0x00000000da200000,0x00000000da200000)
  from space 5120K, 0% used [0x00000000da700000,0x00000000da700000,0x00000000dac00000)
  to   space 5120K, 0% used [0x00000000da200000,0x00000000da200000,0x00000000da700000)
 ParOldGen       total 59392K, used 7489K [0x0000000082600000, 0x0000000086000000, 0x00000000d6200000)
  object space 59392K, 12% used [0x0000000082600000,0x0000000082d50668,0x0000000086000000)
 Metaspace       used 23196K, capacity 24734K, committed 24880K, reserved 1071104K
  class space    used 2997K, capacity 3283K, committed 3376K, reserved 1048576K
Event: 3.518 GC heap after
Heap after GC invocations=6 (full 1):
 PSYoungGen      total 70656K, used 5116K [0x00000000d6200000, 0x00000000dd200000, 0x0000000100000000)
  eden space 65536K, 0% used [0x00000000d6200000,0x00000000d6200000,0x00000000da200000)
  from space 5120K, 99% used [0x00000000da200000,0x00000000da6ff138,0x00000000da700000)
  to   space 8704K, 0% used [0x00000000dc980000,0x00000000dc980000,0x00000000dd200000)
 ParOldGen       total 59392K, used 7936K [0x0000000082600000, 0x0000000086000000, 0x00000000d6200000)
  object space 59392K, 13% used [0x0000000082600000,0x0000000082dc0280,0x0000000086000000)
 Metaspace       used 23196K, capacity 24734K, committed 24880K, reserved 1071104K
  class space    used 2997K, capacity 3283K, committed 3376K, reserved 1048576K
}
Event: 4.326 GC heap before
{Heap before GC invocations=7 (full 1):
 PSYoungGen      total 70656K, used 70652K [0x00000000d6200000, 0x00000000dd200000, 0x0000000100000000)
  eden space 65536K, 100% used [0x00000000d6200000,0x00000000da200000,0x00000000da200000)
  from space 5120K, 99% used [0x00000000da200000,0x00000000da6ff138,0x00000000da700000)
  to   space 8704K, 0% used [0x00000000dc980000,0x00000000dc980000,0x00000000dd200000)
 ParOldGen       total 59392K, used 7936K [0x0000000082600000, 0x0000000086000000, 0x00000000d6200000)
  object space 59392K, 13% used [0x0000000082600000,0x0000000082dc0280,0x0000000086000000)
 Metaspace       used 26836K, capacity 28968K, committed 29232K, reserved 1075200K
  class space    used 3510K, capacity 3876K, committed 3888K, reserved 1048576K
Event: 4.340 GC heap after
Heap after GC invocations=7 (full 1):
 PSYoungGen      total 74240K, used 6911K [0x00000000d6200000, 0x00000000dd200000, 0x0000000100000000)
  eden space 65536K, 0% used [0x00000000d6200000,0x00000000d6200000,0x00000000da200000)
  from space 8704K, 79% used [0x00000000dc980000,0x00000000dd03fd08,0x00000000dd200000)
  to   space 5120K, 0% used [0x00000000da200000,0x00000000da200000,0x00000000da700000)
 ParOldGen       total 59392K, used 7944K [0x0000000082600000, 0x0000000086000000, 0x00000000d6200000)
  object space 59392K, 13% used [0x0000000082600000,0x0000000082dc2280,0x0000000086000000)
 Metaspace       used 26836K, capacity 28968K, committed 29232K, reserved 1075200K
  class space    used 3510K, capacity 3876K, committed 3888K, reserved 1048576K
}

