# JRE version: Java(TM) SE Runtime Environment (8.0_261-b12) (build 1.8.0_261-b12)
# Java VM: Java HotSpot(TM) 64-Bit Server VM (25.261-b12 mixed mode windows-amd64 compressed oops)
Heap:
 PSYoungGen      total 37888K, used 25387K [0x00000000d6200000, 0x00000000d8c00000, 0x0000000100000000)
  eden space 32768K, 67% used [0x00000000d6200000,0x00000000d7785b30,0x00000000d8200000)
  from space 5120K, 65% used [0x00000000d8700000,0x00000000d8a45378,0x00000000d8c00000)
  to   space 5120K, 0% used [0x00000000d8200000,0x00000000d8200000,0x00000000d8700000)
 ParOldGen       total 57344K, used 7581K [0x0000000082600000, 0x0000000085e00000, 0x00000000d6200000)
  object space 57344K, 13% used [0x0000000082600000,0x0000000082d674e8,0x0000000085e00000)
 Metaspace       used 24521K, capacity 26188K, committed 26368K, reserved 1073152K
  class space    used 3184K, capacity 3496K, committed 3584K, reserved 1048576K
GC Heap History (10 events):
Event: 3.374 GC heap before
{Heap before GC invocations=3 (full 0):
 PSYoungGen      total 37888K, used 37866K [0x00000000d6200000, 0x00000000d8c00000, 0x0000000100000000)
  eden space 32768K, 100% used [0x00000000d6200000,0x00000000d8200000,0x00000000d8200000)
  from space 5120K, 99% used [0x00000000d8700000,0x00000000d8bfab88,0x00000000d8c00000)
  to   space 5120K, 0% used [0x00000000d8200000,0x00000000d8200000,0x00000000d8700000)
 ParOldGen       total 86016K, used 664K [0x0000000082600000, 0x0000000087a00000, 0x00000000d6200000)
  object space 86016K, 0% used [0x0000000082600000,0x00000000826a6118,0x0000000087a00000)
 Metaspace       used 16711K, capacity 17910K, committed 18048K, reserved 1064960K
  class space    used 2158K, capacity 2387K, committed 2432K, reserved 1048576K
Event: 3.384 GC heap after
Heap after GC invocations=3 (full 0):
 PSYoungGen      total 37888K, used 5094K [0x00000000d6200000, 0x00000000d8c00000, 0x0000000100000000)
  eden space 32768K, 0% used [0x00000000d6200000,0x00000000d6200000,0x00000000d8200000)
  from space 5120K, 99% used [0x00000000d8200000,0x00000000d86f9b20,0x00000000d8700000)
  to   space 5120K, 0% used [0x00000000d8700000,0x00000000d8700000,0x00000000d8c00000)
 ParOldGen       total 86016K, used 2416K [0x0000000082600000, 0x0000000087a00000, 0x00000000d6200000)
  object space 86016K, 2% used [0x0000000082600000,0x000000008285c010,0x0000000087a00000)
 Metaspace       used 16711K, capacity 17910K, committed 18048K, reserved 1064960K
  class space    used 2158K, capacity 2387K, committed 2432K, reserved 1048576K
}
Event: 3.769 GC heap before
{Heap before GC invocations=4 (full 0):
 PSYoungGen      total 37888K, used 29994K [0x00000000d6200000, 0x00000000d8c00000, 0x0000000100000000)
  eden space 32768K, 75% used [0x00000000d6200000,0x00000000d7a50fc0,0x00000000d8200000)
  from space 5120K, 99% used [0x00000000d8200000,0x00000000d86f9b20,0x00000000d8700000)
  to   space 5120K, 0% used [0x00000000d8700000,0x00000000d8700000,0x00000000d8c00000)
 ParOldGen       total 86016K, used 2416K [0x0000000082600000, 0x0000000087a00000, 0x00000000d6200000)
  object space 86016K, 2% used [0x0000000082600000,0x000000008285c010,0x0000000087a00000)
 Metaspace       used 19920K, capacity 21186K, committed 21248K, reserved 1067008K
  class space    used 2540K, capacity 2805K, committed 2816K, reserved 1048576K
Event: 3.781 GC heap after
Heap after GC invocations=4 (full 0):
 PSYoungGen      total 37888K, used 5094K [0x00000000d6200000, 0x00000000d8c00000, 0x0000000100000000)
  eden space 32768K, 0% used [0x00000000d6200000,0x00000000d6200000,0x00000000d8200000)
  from space 5120K, 99% used [0x00000000d8700000,0x00000000d8bf9ac0,0x00000000d8c00000)
  to   space 5120K, 0% used [0x00000000d8200000,0x00000000d8200000,0x00000000d8700000)
 ParOldGen       total 86016K, used 5120K [0x0000000082600000, 0x0000000087a00000, 0x00000000d6200000)
  object space 86016K, 5% used [0x0000000082600000,0x0000000082b00118,0x0000000087a00000)
 Metaspace       used 19920K, capacity 21186K, committed 21248K, reserved 1067008K
  class space    used 2540K, capacity 2805K, committed 2816K, reserved 1048576K
}
Event: 3.781 GC heap before
{Heap before GC invocations=5 (full 1):
 PSYoungGen      total 37888K, used 5094K [0x00000000d6200000, 0x00000000d8c00000, 0x0000000100000000)
  eden space 32768K, 0% used [0x00000000d6200000,0x00000000d6200000,0x00000000d8200000)
  from space 5120K, 99% used [0x00000000d8700000,0x00000000d8bf9ac0,0x00000000d8c00000)
  to   space 5120K, 0% used [0x00000000d8200000,0x00000000d8200000,0x00000000d8700000)
 ParOldGen       total 86016K, used 5120K [0x0000000082600000, 0x0000000087a00000, 0x00000000d6200000)
  object space 86016K, 5% used [0x0000000082600000,0x0000000082b00118,0x0000000087a00000)
 Metaspace       used 19920K, capacity 21186K, committed 21248K, reserved 1067008K
  class space    used 2540K, capacity 2805K, committed 2816K, reserved 1048576K
Event: 3.818 GC heap after
Heap after GC invocations=5 (full 1):
 PSYoungGen      total 37888K, used 0K [0x00000000d6200000, 0x00000000d8c00000, 0x0000000100000000)
  eden space 32768K, 0% used [0x00000000d6200000,0x00000000d6200000,0x00000000d8200000)
  from space 5120K, 0% used [0x00000000d8700000,0x00000000d8700000,0x00000000d8c00000)
  to   space 5120K, 0% used [0x00000000d8200000,0x00000000d8200000,0x00000000d8700000)
 ParOldGen       total 57344K, used 7573K [0x0000000082600000, 0x0000000085e00000, 0x00000000d6200000)
  object space 57344K, 13% used [0x0000000082600000,0x0000000082d654e8,0x0000000085e00000)
 Metaspace       used 19920K, capacity 21186K, committed 21248K, reserved 1067008K
  class space    used 2540K, capacity 2805K, committed 2816K, reserved 1048576K
}
Event: 4.214 GC heap before
{Heap before GC invocations=6 (full 1):
 PSYoungGen      total 37888K, used 32768K [0x00000000d6200000, 0x00000000d8c00000, 0x0000000100000000)
  eden space 32768K, 100% used [0x00000000d6200000,0x00000000d8200000,0x00000000d8200000)
  from space 5120K, 0% used [0x00000000d8700000,0x00000000d8700000,0x00000000d8c00000)
  to   space 5120K, 0% used [0x00000000d8200000,0x00000000d8200000,0x00000000d8700000)
 ParOldGen       total 57344K, used 7573K [0x0000000082600000, 0x0000000085e00000, 0x00000000d6200000)
  object space 57344K, 13% used [0x0000000082600000,0x0000000082d654e8,0x0000000085e00000)
 Metaspace       used 21901K, capacity 23320K, committed 23424K, reserved 1069056K
  class space    used 2841K, capacity 3124K, committed 3200K, reserved 1048576K
Event: 4.227 GC heap after
Heap after GC invocations=6 (full 1):
 PSYoungGen      total 37888K, used 3585K [0x00000000d6200000, 0x00000000d8c00000, 0x0000000100000000)
  eden space 32768K, 0% used [0x00000000d6200000,0x00000000d6200000,0x00000000d8200000)
  from space 5120K, 70% used [0x00000000d8200000,0x00000000d8580540,0x00000000d8700000)
  to   space 5120K, 0% used [0x00000000d8700000,0x00000000d8700000,0x00000000d8c00000)
 ParOldGen       total 57344K, used 7573K [0x0000000082600000, 0x0000000085e00000, 0x00000000d6200000)
  object space 57344K, 13% used [0x0000000082600000,0x0000000082d654e8,0x0000000085e00000)
 Metaspace       used 21901K, capacity 23320K, committed 23424K, reserved 1069056K
  class space    used 2841K, capacity 3124K, committed 3200K, reserved 1048576K
}
Event: 4.720 GC heap before
{Heap before GC invocations=7 (full 1):
 PSYoungGen      total 37888K, used 36353K [0x00000000d6200000, 0x00000000d8c00000, 0x0000000100000000)
  eden space 32768K, 100% used [0x00000000d6200000,0x00000000d8200000,0x00000000d8200000)
  from space 5120K, 70% used [0x00000000d8200000,0x00000000d8580540,0x00000000d8700000)
  to   space 5120K, 0% used [0x00000000d8700000,0x00000000d8700000,0x00000000d8c00000)
 ParOldGen       total 57344K, used 7573K [0x0000000082600000, 0x0000000085e00000, 0x00000000d6200000)
  object space 57344K, 13% used [0x0000000082600000,0x0000000082d654e8,0x0000000085e00000)
 Metaspace       used 23232K, capacity 24750K, committed 24832K, reserved 1071104K
  class space    used 2998K, capacity 3311K, committed 3328K, reserved 1048576K
Event: 4.723 GC heap after
Heap after GC invocations=7 (full 1):
 PSYoungGen      total 37888K, used 3348K [0x00000000d6200000, 0x00000000d8c00000, 0x0000000100000000)
  eden space 32768K, 0% used [0x00000000d6200000,0x00000000d6200000,0x00000000d8200000)
  from space 5120K, 65% used [0x00000000d8700000,0x00000000d8a45378,0x00000000d8c00000)
  to   space 5120K, 0% used [0x00000000d8200000,0x00000000d8200000,0x00000000d8700000)
 ParOldGen       total 57344K, used 7581K [0x0000000082600000, 0x0000000085e00000, 0x00000000d6200000)
  object space 57344K, 13% used [0x0000000082600000,0x0000000082d674e8,0x0000000085e00000)
 Metaspace       used 23232K, capacity 24750K, committed 24832K, reserved 1071104K
  class space    used 2998K, capacity 3311K, committed 3328K, reserved 1048576K
}

