# JRE version: Java(TM) SE Runtime Environment (8.0_261-b12) (build 1.8.0_261-b12)
# Java VM: Java HotSpot(TM) 64-Bit Server VM (25.261-b12 mixed mode windows-amd64 compressed oops)
Heap:
 PSYoungGen      total 221696K, used 28905K [0x00000000d6200000, 0x00000000e5300000, 0x0000000100000000)
  eden space 210944K, 13% used [0x00000000d6200000,0x00000000d7e3a498,0x00000000e3000000)
  from space 10752K, 0% used [0x00000000e3c00000,0x00000000e3c00000,0x00000000e4680000)
  to   space 12288K, 0% used [0x00000000e3000000,0x00000000e3000000,0x00000000e3c00000)
 ParOldGen       total 68608K, used 15363K [0x0000000082600000, 0x0000000086900000, 0x00000000d6200000)
  object space 68608K, 22% used [0x0000000082600000,0x0000000083500e88,0x0000000086900000)
 Metaspace       used 36012K, capacity 38797K, committed 38908K, reserved 1083392K
  class space    used 4798K, capacity 5283K, committed 5372K, reserved 1048576K
GC Heap History (10 events):
Event: 2.687 GC heap before
{Heap before GC invocations=6 (full 1):
 PSYoungGen      total 70656K, used 5101K [0x00000000d6200000, 0x00000000df300000, 0x0000000100000000)
  eden space 65536K, 0% used [0x00000000d6200000,0x00000000d6200000,0x00000000da200000)
  from space 5120K, 99% used [0x00000000da200000,0x00000000da6fb478,0x00000000da700000)
  to   space 8704K, 0% used [0x00000000dea80000,0x00000000dea80000,0x00000000df300000)
 ParOldGen       total 86016K, used 5101K [0x0000000082600000, 0x0000000087a00000, 0x00000000d6200000)
  object space 86016K, 5% used [0x0000000082600000,0x0000000082afb748,0x0000000087a00000)
 Metaspace       used 20213K, capacity 21497K, committed 21628K, reserved 1069056K
  class space    used 2583K, capacity 2841K, committed 2940K, reserved 1048576K
Event: 2.729 GC heap after
Heap after GC invocations=6 (full 1):
 PSYoungGen      total 70656K, used 0K [0x00000000d6200000, 0x00000000df300000, 0x0000000100000000)
  eden space 65536K, 0% used [0x00000000d6200000,0x00000000d6200000,0x00000000da200000)
  from space 5120K, 0% used [0x00000000da200000,0x00000000da200000,0x00000000da700000)
  to   space 8704K, 0% used [0x00000000dea80000,0x00000000dea80000,0x00000000df300000)
 ParOldGen       total 46592K, used 5459K [0x0000000082600000, 0x0000000085380000, 0x00000000d6200000)
  object space 46592K, 11% used [0x0000000082600000,0x0000000082b54d40,0x0000000085380000)
 Metaspace       used 20213K, capacity 21497K, committed 21628K, reserved 1069056K
  class space    used 2583K, capacity 2841K, committed 2940K, reserved 1048576K
}
Event: 3.539 GC heap before
{Heap before GC invocations=7 (full 1):
 PSYoungGen      total 70656K, used 65536K [0x00000000d6200000, 0x00000000df300000, 0x0000000100000000)
  eden space 65536K, 100% used [0x00000000d6200000,0x00000000da200000,0x00000000da200000)
  from space 5120K, 0% used [0x00000000da200000,0x00000000da200000,0x00000000da700000)
  to   space 8704K, 0% used [0x00000000dea80000,0x00000000dea80000,0x00000000df300000)
 ParOldGen       total 46592K, used 5459K [0x0000000082600000, 0x0000000085380000, 0x00000000d6200000)
  object space 46592K, 11% used [0x0000000082600000,0x0000000082b54d40,0x0000000085380000)
 Metaspace       used 23364K, capacity 24947K, committed 25084K, reserved 1071104K
  class space    used 3018K, capacity 3322K, committed 3324K, reserved 1048576K
Event: 3.545 GC heap after
Heap after GC invocations=7 (full 1):
 PSYoungGen      total 124928K, used 5409K [0x00000000d6200000, 0x00000000df000000, 0x0000000100000000)
  eden space 119296K, 0% used [0x00000000d6200000,0x00000000d6200000,0x00000000dd680000)
  from space 5632K, 96% used [0x00000000dea80000,0x00000000defc8420,0x00000000df000000)
  to   space 8704K, 0% used [0x00000000ddf00000,0x00000000ddf00000,0x00000000de780000)
 ParOldGen       total 46592K, used 5467K [0x0000000082600000, 0x0000000085380000, 0x00000000d6200000)
  object space 46592K, 11% used [0x0000000082600000,0x0000000082b56d40,0x0000000085380000)
 Metaspace       used 23364K, capacity 24947K, committed 25084K, reserved 1071104K
  class space    used 3018K, capacity 3322K, committed 3324K, reserved 1048576K
}
Event: 5.013 GC heap before
{Heap before GC invocations=8 (full 1):
 PSYoungGen      total 124928K, used 124705K [0x00000000d6200000, 0x00000000df000000, 0x0000000100000000)
  eden space 119296K, 100% used [0x00000000d6200000,0x00000000dd680000,0x00000000dd680000)
  from space 5632K, 96% used [0x00000000dea80000,0x00000000defc8420,0x00000000df000000)
  to   space 8704K, 0% used [0x00000000ddf00000,0x00000000ddf00000,0x00000000de780000)
 ParOldGen       total 46592K, used 5467K [0x0000000082600000, 0x0000000085380000, 0x00000000d6200000)
  object space 46592K, 11% used [0x0000000082600000,0x0000000082b56d40,0x0000000085380000)
 Metaspace       used 28557K, capacity 30861K, committed 31100K, reserved 1077248K
  class space    used 3727K, capacity 4119K, committed 4220K, reserved 1048576K
Event: 5.025 GC heap after
Heap after GC invocations=8 (full 1):
 PSYoungGen      total 136704K, used 8686K [0x00000000d6200000, 0x00000000e4680000, 0x0000000100000000)
  eden space 128000K, 0% used [0x00000000d6200000,0x00000000d6200000,0x00000000ddf00000)
  from space 8704K, 99% used [0x00000000ddf00000,0x00000000de77bb08,0x00000000de780000)
  to   space 10752K, 0% used [0x00000000e3c00000,0x00000000e3c00000,0x00000000e4680000)
 ParOldGen       total 46592K, used 7657K [0x0000000082600000, 0x0000000085380000, 0x00000000d6200000)
  object space 46592K, 16% used [0x0000000082600000,0x0000000082d7a7b8,0x0000000085380000)
 Metaspace       used 28557K, capacity 30861K, committed 31100K, reserved 1077248K
  class space    used 3727K, capacity 4119K, committed 4220K, reserved 1048576K
}
Event: 7.285 GC heap before
{Heap before GC invocations=9 (full 1):
 PSYoungGen      total 136704K, used 110532K [0x00000000d6200000, 0x00000000e4680000, 0x0000000100000000)
  eden space 128000K, 79% used [0x00000000d6200000,0x00000000dc575520,0x00000000ddf00000)
  from space 8704K, 99% used [0x00000000ddf00000,0x00000000de77bb08,0x00000000de780000)
  to   space 10752K, 0% used [0x00000000e3c00000,0x00000000e3c00000,0x00000000e4680000)
 ParOldGen       total 46592K, used 7657K [0x0000000082600000, 0x0000000085380000, 0x00000000d6200000)
  object space 46592K, 16% used [0x0000000082600000,0x0000000082d7a7b8,0x0000000085380000)
 Metaspace       used 33387K, capacity 36009K, committed 36048K, reserved 1081344K
  class space    used 4489K, capacity 4951K, committed 4988K, reserved 1048576K
Event: 7.306 GC heap after
Heap after GC invocations=9 (full 1):
 PSYoungGen      total 221696K, used 10720K [0x00000000d6200000, 0x00000000e5300000, 0x0000000100000000)
  eden space 210944K, 0% used [0x00000000d6200000,0x00000000d6200000,0x00000000e3000000)
  from space 10752K, 99% used [0x00000000e3c00000,0x00000000e46780e0,0x00000000e4680000)
  to   space 12288K, 0% used [0x00000000e3000000,0x00000000e3000000,0x00000000e3c00000)
 ParOldGen       total 46592K, used 8340K [0x0000000082600000, 0x0000000085380000, 0x00000000d6200000)
  object space 46592K, 17% used [0x0000000082600000,0x0000000082e252c8,0x0000000085380000)
 Metaspace       used 33387K, capacity 36009K, committed 36048K, reserved 1081344K
  class space    used 4489K, capacity 4951K, committed 4988K, reserved 1048576K
}
Event: 7.306 GC heap before
{Heap before GC invocations=10 (full 2):
 PSYoungGen      total 221696K, used 10720K [0x00000000d6200000, 0x00000000e5300000, 0x0000000100000000)
  eden space 210944K, 0% used [0x00000000d6200000,0x00000000d6200000,0x00000000e3000000)
  from space 10752K, 99% used [0x00000000e3c00000,0x00000000e46780e0,0x00000000e4680000)
  to   space 12288K, 0% used [0x00000000e3000000,0x00000000e3000000,0x00000000e3c00000)
 ParOldGen       total 46592K, used 8340K [0x0000000082600000, 0x0000000085380000, 0x00000000d6200000)
  object space 46592K, 17% used [0x0000000082600000,0x0000000082e252c8,0x0000000085380000)
 Metaspace       used 33387K, capacity 36009K, committed 36048K, reserved 1081344K
  class space    used 4489K, capacity 4951K, committed 4988K, reserved 1048576K
Event: 7.409 GC heap after
Heap after GC invocations=10 (full 2):
 PSYoungGen      total 221696K, used 0K [0x00000000d6200000, 0x00000000e5300000, 0x0000000100000000)
  eden space 210944K, 0% used [0x00000000d6200000,0x00000000d6200000,0x00000000e3000000)
  from space 10752K, 0% used [0x00000000e3c00000,0x00000000e3c00000,0x00000000e4680000)
  to   space 12288K, 0% used [0x00000000e3000000,0x00000000e3000000,0x00000000e3c00000)
 ParOldGen       total 68608K, used 15363K [0x0000000082600000, 0x0000000086900000, 0x00000000d6200000)
  object space 68608K, 22% used [0x0000000082600000,0x0000000083500e88,0x0000000086900000)
 Metaspace       used 33387K, capacity 36009K, committed 36048K, reserved 1081344K
  class space    used 4489K, capacity 4951K, committed 4988K, reserved 1048576K
}

