# JRE version: Java(TM) SE Runtime Environment (8.0_261-b12) (build 1.8.0_261-b12)
# Java VM: Java HotSpot(TM) 64-Bit Server VM (25.261-b12 mixed mode windows-amd64 compressed oops)
Heap:
 PSYoungGen      total 57856K, used 7467K [0x00000000d6200000, 0x00000000da380000, 0x0000000100000000)
  eden space 48640K, 3% used [0x00000000d6200000,0x00000000d63b4f10,0x00000000d9180000)
  from space 9216K, 62% used [0x00000000d9180000,0x00000000d9715fb0,0x00000000d9a80000)
  to   space 8704K, 0% used [0x00000000d9b00000,0x00000000d9b00000,0x00000000da380000)
 ParOldGen       total 59392K, used 7606K [0x0000000082600000, 0x0000000086000000, 0x00000000d6200000)
  object space 59392K, 12% used [0x0000000082600000,0x0000000082d6d828,0x0000000086000000)
 Metaspace       used 26161K, capacity 27992K, committed 28160K, reserved 1073152K
  class space    used 3405K, capacity 3738K, committed 3840K, reserved 1048576K
GC Heap History (10 events):
Event: 2.833 GC heap before
{Heap before GC invocations=3 (full 0):
 PSYoungGen      total 37888K, used 37861K [0x00000000d6200000, 0x00000000d8c00000, 0x0000000100000000)
  eden space 32768K, 100% used [0x00000000d6200000,0x00000000d8200000,0x00000000d8200000)
  from space 5120K, 99% used [0x00000000d8700000,0x00000000d8bf9580,0x00000000d8c00000)
  to   space 5120K, 0% used [0x00000000d8200000,0x00000000d8200000,0x00000000d8700000)
 ParOldGen       total 86016K, used 689K [0x0000000082600000, 0x0000000087a00000, 0x00000000d6200000)
  object space 86016K, 0% used [0x0000000082600000,0x00000000826ac4f8,0x0000000087a00000)
 Metaspace       used 16809K, capacity 18082K, committed 18304K, reserved 1064960K
  class space    used 2158K, capacity 2393K, committed 2432K, reserved 1048576K
Event: 2.848 GC heap after
Heap after GC invocations=3 (full 0):
 PSYoungGen      total 37888K, used 5093K [0x00000000d6200000, 0x00000000d8c00000, 0x0000000100000000)
  eden space 32768K, 0% used [0x00000000d6200000,0x00000000d6200000,0x00000000d8200000)
  from space 5120K, 99% used [0x00000000d8200000,0x00000000d86f97a0,0x00000000d8700000)
  to   space 5120K, 0% used [0x00000000d8700000,0x00000000d8700000,0x00000000d8c00000)
 ParOldGen       total 86016K, used 2583K [0x0000000082600000, 0x0000000087a00000, 0x00000000d6200000)
  object space 86016K, 3% used [0x0000000082600000,0x0000000082885f60,0x0000000087a00000)
 Metaspace       used 16809K, capacity 18082K, committed 18304K, reserved 1064960K
  class space    used 2158K, capacity 2393K, committed 2432K, reserved 1048576K
}
Event: 3.187 GC heap before
{Heap before GC invocations=4 (full 0):
 PSYoungGen      total 37888K, used 30092K [0x00000000d6200000, 0x00000000d8c00000, 0x0000000100000000)
  eden space 32768K, 76% used [0x00000000d6200000,0x00000000d7a69bb8,0x00000000d8200000)
  from space 5120K, 99% used [0x00000000d8200000,0x00000000d86f97a0,0x00000000d8700000)
  to   space 5120K, 0% used [0x00000000d8700000,0x00000000d8700000,0x00000000d8c00000)
 ParOldGen       total 86016K, used 2583K [0x0000000082600000, 0x0000000087a00000, 0x00000000d6200000)
  object space 86016K, 3% used [0x0000000082600000,0x0000000082885f60,0x0000000087a00000)
 Metaspace       used 19871K, capacity 21202K, committed 21248K, reserved 1067008K
  class space    used 2536K, capacity 2805K, committed 2816K, reserved 1048576K
Event: 3.197 GC heap after
Heap after GC invocations=4 (full 0):
 PSYoungGen      total 37888K, used 5114K [0x00000000d6200000, 0x00000000d8c00000, 0x0000000100000000)
  eden space 32768K, 0% used [0x00000000d6200000,0x00000000d6200000,0x00000000d8200000)
  from space 5120K, 99% used [0x00000000d8700000,0x00000000d8bfe9f8,0x00000000d8c00000)
  to   space 5120K, 0% used [0x00000000d8200000,0x00000000d8200000,0x00000000d8700000)
 ParOldGen       total 86016K, used 5278K [0x0000000082600000, 0x0000000087a00000, 0x00000000d6200000)
  object space 86016K, 6% used [0x0000000082600000,0x0000000082b27898,0x0000000087a00000)
 Metaspace       used 19871K, capacity 21202K, committed 21248K, reserved 1067008K
  class space    used 2536K, capacity 2805K, committed 2816K, reserved 1048576K
}
Event: 3.197 GC heap before
{Heap before GC invocations=5 (full 1):
 PSYoungGen      total 37888K, used 5114K [0x00000000d6200000, 0x00000000d8c00000, 0x0000000100000000)
  eden space 32768K, 0% used [0x00000000d6200000,0x00000000d6200000,0x00000000d8200000)
  from space 5120K, 99% used [0x00000000d8700000,0x00000000d8bfe9f8,0x00000000d8c00000)
  to   space 5120K, 0% used [0x00000000d8200000,0x00000000d8200000,0x00000000d8700000)
 ParOldGen       total 86016K, used 5278K [0x0000000082600000, 0x0000000087a00000, 0x00000000d6200000)
  object space 86016K, 6% used [0x0000000082600000,0x0000000082b27898,0x0000000087a00000)
 Metaspace       used 19871K, capacity 21202K, committed 21248K, reserved 1067008K
  class space    used 2536K, capacity 2805K, committed 2816K, reserved 1048576K
Event: 3.240 GC heap after
Heap after GC invocations=5 (full 1):
 PSYoungGen      total 37888K, used 0K [0x00000000d6200000, 0x00000000d8c00000, 0x0000000100000000)
  eden space 32768K, 0% used [0x00000000d6200000,0x00000000d6200000,0x00000000d8200000)
  from space 5120K, 0% used [0x00000000d8700000,0x00000000d8700000,0x00000000d8c00000)
  to   space 5120K, 0% used [0x00000000d8200000,0x00000000d8200000,0x00000000d8700000)
 ParOldGen       total 59392K, used 7582K [0x0000000082600000, 0x0000000086000000, 0x00000000d6200000)
  object space 59392K, 12% used [0x0000000082600000,0x0000000082d67828,0x0000000086000000)
 Metaspace       used 19871K, capacity 21202K, committed 21248K, reserved 1067008K
  class space    used 2536K, capacity 2805K, committed 2816K, reserved 1048576K
}
Event: 3.733 GC heap before
{Heap before GC invocations=6 (full 1):
 PSYoungGen      total 37888K, used 32768K [0x00000000d6200000, 0x00000000d8c00000, 0x0000000100000000)
  eden space 32768K, 100% used [0x00000000d6200000,0x00000000d8200000,0x00000000d8200000)
  from space 5120K, 0% used [0x00000000d8700000,0x00000000d8700000,0x00000000d8c00000)
  to   space 5120K, 0% used [0x00000000d8200000,0x00000000d8200000,0x00000000d8700000)
 ParOldGen       total 59392K, used 7582K [0x0000000082600000, 0x0000000086000000, 0x00000000d6200000)
  object space 59392K, 12% used [0x0000000082600000,0x0000000082d67828,0x0000000086000000)
 Metaspace       used 21966K, capacity 23434K, committed 23680K, reserved 1069056K
  class space    used 2860K, capacity 3159K, committed 3200K, reserved 1048576K
Event: 3.736 GC heap after
Heap after GC invocations=6 (full 1):
 PSYoungGen      total 37888K, used 3620K [0x00000000d6200000, 0x00000000da400000, 0x0000000100000000)
  eden space 32768K, 0% used [0x00000000d6200000,0x00000000d6200000,0x00000000d8200000)
  from space 5120K, 70% used [0x00000000d8200000,0x00000000d8589110,0x00000000d8700000)
  to   space 9216K, 0% used [0x00000000d9b00000,0x00000000d9b00000,0x00000000da400000)
 ParOldGen       total 59392K, used 7590K [0x0000000082600000, 0x0000000086000000, 0x00000000d6200000)
  object space 59392K, 12% used [0x0000000082600000,0x0000000082d69828,0x0000000086000000)
 Metaspace       used 21966K, capacity 23434K, committed 23680K, reserved 1069056K
  class space    used 2860K, capacity 3159K, committed 3200K, reserved 1048576K
}
Event: 4.168 GC heap before
{Heap before GC invocations=7 (full 1):
 PSYoungGen      total 37888K, used 36388K [0x00000000d6200000, 0x00000000da400000, 0x0000000100000000)
  eden space 32768K, 100% used [0x00000000d6200000,0x00000000d8200000,0x00000000d8200000)
  from space 5120K, 70% used [0x00000000d8200000,0x00000000d8589110,0x00000000d8700000)
  to   space 9216K, 0% used [0x00000000d9b00000,0x00000000d9b00000,0x00000000da400000)
 ParOldGen       total 59392K, used 7590K [0x0000000082600000, 0x0000000086000000, 0x00000000d6200000)
  object space 59392K, 12% used [0x0000000082600000,0x0000000082d69828,0x0000000086000000)
 Metaspace       used 23220K, capacity 24780K, committed 24832K, reserved 1071104K
  class space    used 3002K, capacity 3290K, committed 3328K, reserved 1048576K
Event: 4.172 GC heap after
Heap after GC invocations=7 (full 1):
 PSYoungGen      total 57344K, used 3280K [0x00000000d6200000, 0x00000000da380000, 0x0000000100000000)
  eden space 48640K, 0% used [0x00000000d6200000,0x00000000d6200000,0x00000000d9180000)
  from space 8704K, 37% used [0x00000000d9b00000,0x00000000d9e34288,0x00000000da380000)
  to   space 9216K, 0% used [0x00000000d9180000,0x00000000d9180000,0x00000000d9a80000)
 ParOldGen       total 59392K, used 7598K [0x0000000082600000, 0x0000000086000000, 0x00000000d6200000)
  object space 59392K, 12% used [0x0000000082600000,0x0000000082d6b828,0x0000000086000000)
 Metaspace       used 23220K, capacity 24780K, committed 24832K, reserved 1071104K
  class space    used 3002K, capacity 3290K, committed 3328K, reserved 1048576K
}

