# JRE version: Java(TM) SE Runtime Environment (8.0_261-b12) (build 1.8.0_261-b12)
# Java VM: Java HotSpot(TM) 64-Bit Server VM (25.261-b12 mixed mode windows-amd64 compressed oops)
Heap:
 PSYoungGen      total 37888K, used 13586K [0x00000000d6200000, 0x00000000d8c00000, 0x0000000100000000)
  eden space 32768K, 31% used [0x00000000d6200000,0x00000000d6c28d28,0x00000000d8200000)
  from space 5120K, 62% used [0x00000000d8700000,0x00000000d8a1bd38,0x00000000d8c00000)
  to   space 5120K, 0% used [0x00000000d8200000,0x00000000d8200000,0x00000000d8700000)
 ParOldGen       total 59904K, used 7377K [0x0000000082600000, 0x0000000086080000, 0x00000000d6200000)
  object space 59904K, 12% used [0x0000000082600000,0x0000000082d34588,0x0000000086080000)
 Metaspace       used 23737K, capacity 25354K, committed 25472K, reserved 1071104K
  class space    used 3070K, capacity 3363K, committed 3456K, reserved 1048576K
GC Heap History (10 events):
Event: 2.528 GC heap before
{Heap before GC invocations=3 (full 0):
 PSYoungGen      total 37888K, used 37859K [0x00000000d6200000, 0x00000000d8c00000, 0x0000000100000000)
  eden space 32768K, 100% used [0x00000000d6200000,0x00000000d8200000,0x00000000d8200000)
  from space 5120K, 99% used [0x00000000d8700000,0x00000000d8bf8ee8,0x00000000d8c00000)
  to   space 5120K, 0% used [0x00000000d8200000,0x00000000d8200000,0x00000000d8700000)
 ParOldGen       total 86016K, used 661K [0x0000000082600000, 0x0000000087a00000, 0x00000000d6200000)
  object space 86016K, 0% used [0x0000000082600000,0x00000000826a57f0,0x0000000087a00000)
 Metaspace       used 16784K, capacity 18058K, committed 18304K, reserved 1064960K
  class space    used 2156K, capacity 2391K, committed 2432K, reserved 1048576K
Event: 2.537 GC heap after
Heap after GC invocations=3 (full 0):
 PSYoungGen      total 37888K, used 5106K [0x00000000d6200000, 0x00000000d8c00000, 0x0000000100000000)
  eden space 32768K, 0% used [0x00000000d6200000,0x00000000d6200000,0x00000000d8200000)
  from space 5120K, 99% used [0x00000000d8200000,0x00000000d86fc8c8,0x00000000d8700000)
  to   space 5120K, 0% used [0x00000000d8700000,0x00000000d8700000,0x00000000d8c00000)
 ParOldGen       total 86016K, used 2495K [0x0000000082600000, 0x0000000087a00000, 0x00000000d6200000)
  object space 86016K, 2% used [0x0000000082600000,0x000000008286fe80,0x0000000087a00000)
 Metaspace       used 16784K, capacity 18058K, committed 18304K, reserved 1064960K
  class space    used 2156K, capacity 2391K, committed 2432K, reserved 1048576K
}
Event: 2.896 GC heap before
{Heap before GC invocations=4 (full 0):
 PSYoungGen      total 37888K, used 29689K [0x00000000d6200000, 0x00000000d8c00000, 0x0000000100000000)
  eden space 32768K, 75% used [0x00000000d6200000,0x00000000d7a01b78,0x00000000d8200000)
  from space 5120K, 99% used [0x00000000d8200000,0x00000000d86fc8c8,0x00000000d8700000)
  to   space 5120K, 0% used [0x00000000d8700000,0x00000000d8700000,0x00000000d8c00000)
 ParOldGen       total 86016K, used 2495K [0x0000000082600000, 0x0000000087a00000, 0x00000000d6200000)
  object space 86016K, 2% used [0x0000000082600000,0x000000008286fe80,0x0000000087a00000)
 Metaspace       used 19920K, capacity 21194K, committed 21248K, reserved 1067008K
  class space    used 2545K, capacity 2807K, committed 2816K, reserved 1048576K
Event: 2.904 GC heap after
Heap after GC invocations=4 (full 0):
 PSYoungGen      total 37888K, used 5097K [0x00000000d6200000, 0x00000000d8c00000, 0x0000000100000000)
  eden space 32768K, 0% used [0x00000000d6200000,0x00000000d6200000,0x00000000d8200000)
  from space 5120K, 99% used [0x00000000d8700000,0x00000000d8bfa5b0,0x00000000d8c00000)
  to   space 5120K, 0% used [0x00000000d8200000,0x00000000d8200000,0x00000000d8700000)
 ParOldGen       total 86016K, used 4942K [0x0000000082600000, 0x0000000087a00000, 0x00000000d6200000)
  object space 86016K, 5% used [0x0000000082600000,0x0000000082ad3bb8,0x0000000087a00000)
 Metaspace       used 19920K, capacity 21194K, committed 21248K, reserved 1067008K
  class space    used 2545K, capacity 2807K, committed 2816K, reserved 1048576K
}
Event: 2.904 GC heap before
{Heap before GC invocations=5 (full 1):
 PSYoungGen      total 37888K, used 5097K [0x00000000d6200000, 0x00000000d8c00000, 0x0000000100000000)
  eden space 32768K, 0% used [0x00000000d6200000,0x00000000d6200000,0x00000000d8200000)
  from space 5120K, 99% used [0x00000000d8700000,0x00000000d8bfa5b0,0x00000000d8c00000)
  to   space 5120K, 0% used [0x00000000d8200000,0x00000000d8200000,0x00000000d8700000)
 ParOldGen       total 86016K, used 4942K [0x0000000082600000, 0x0000000087a00000, 0x00000000d6200000)
  object space 86016K, 5% used [0x0000000082600000,0x0000000082ad3bb8,0x0000000087a00000)
 Metaspace       used 19920K, capacity 21194K, committed 21248K, reserved 1067008K
  class space    used 2545K, capacity 2807K, committed 2816K, reserved 1048576K
Event: 2.942 GC heap after
Heap after GC invocations=5 (full 1):
 PSYoungGen      total 37888K, used 0K [0x00000000d6200000, 0x00000000d8c00000, 0x0000000100000000)
  eden space 32768K, 0% used [0x00000000d6200000,0x00000000d6200000,0x00000000d8200000)
  from space 5120K, 0% used [0x00000000d8700000,0x00000000d8700000,0x00000000d8c00000)
  to   space 5120K, 0% used [0x00000000d8200000,0x00000000d8200000,0x00000000d8700000)
 ParOldGen       total 59904K, used 7361K [0x0000000082600000, 0x0000000086080000, 0x00000000d6200000)
  object space 59904K, 12% used [0x0000000082600000,0x0000000082d30588,0x0000000086080000)
 Metaspace       used 19920K, capacity 21194K, committed 21248K, reserved 1067008K
  class space    used 2545K, capacity 2807K, committed 2816K, reserved 1048576K
}
Event: 3.268 GC heap before
{Heap before GC invocations=6 (full 1):
 PSYoungGen      total 37888K, used 32768K [0x00000000d6200000, 0x00000000d8c00000, 0x0000000100000000)
  eden space 32768K, 100% used [0x00000000d6200000,0x00000000d8200000,0x00000000d8200000)
  from space 5120K, 0% used [0x00000000d8700000,0x00000000d8700000,0x00000000d8c00000)
  to   space 5120K, 0% used [0x00000000d8200000,0x00000000d8200000,0x00000000d8700000)
 ParOldGen       total 59904K, used 7361K [0x0000000082600000, 0x0000000086080000, 0x00000000d6200000)
  object space 59904K, 12% used [0x0000000082600000,0x0000000082d30588,0x0000000086080000)
 Metaspace       used 21922K, capacity 23332K, committed 23424K, reserved 1069056K
  class space    used 2846K, capacity 3126K, committed 3200K, reserved 1048576K
Event: 3.271 GC heap after
Heap after GC invocations=6 (full 1):
 PSYoungGen      total 37888K, used 3736K [0x00000000d6200000, 0x00000000d8c00000, 0x0000000100000000)
  eden space 32768K, 0% used [0x00000000d6200000,0x00000000d6200000,0x00000000d8200000)
  from space 5120K, 72% used [0x00000000d8200000,0x00000000d85a6390,0x00000000d8700000)
  to   space 5120K, 0% used [0x00000000d8700000,0x00000000d8700000,0x00000000d8c00000)
 ParOldGen       total 59904K, used 7369K [0x0000000082600000, 0x0000000086080000, 0x00000000d6200000)
  object space 59904K, 12% used [0x0000000082600000,0x0000000082d32588,0x0000000086080000)
 Metaspace       used 21922K, capacity 23332K, committed 23424K, reserved 1069056K
  class space    used 2846K, capacity 3126K, committed 3200K, reserved 1048576K
}
Event: 3.827 GC heap before
{Heap before GC invocations=7 (full 1):
 PSYoungGen      total 37888K, used 36504K [0x00000000d6200000, 0x00000000d8c00000, 0x0000000100000000)
  eden space 32768K, 100% used [0x00000000d6200000,0x00000000d8200000,0x00000000d8200000)
  from space 5120K, 72% used [0x00000000d8200000,0x00000000d85a6390,0x00000000d8700000)
  to   space 5120K, 0% used [0x00000000d8700000,0x00000000d8700000,0x00000000d8c00000)
 ParOldGen       total 59904K, used 7369K [0x0000000082600000, 0x0000000086080000, 0x00000000d6200000)
  object space 59904K, 12% used [0x0000000082600000,0x0000000082d32588,0x0000000086080000)
 Metaspace       used 23219K, capacity 24766K, committed 24832K, reserved 1071104K
  class space    used 2996K, capacity 3289K, committed 3328K, reserved 1048576K
Event: 3.831 GC heap after
Heap after GC invocations=7 (full 1):
 PSYoungGen      total 37888K, used 3183K [0x00000000d6200000, 0x00000000d8c00000, 0x0000000100000000)
  eden space 32768K, 0% used [0x00000000d6200000,0x00000000d6200000,0x00000000d8200000)
  from space 5120K, 62% used [0x00000000d8700000,0x00000000d8a1bd38,0x00000000d8c00000)
  to   space 5120K, 0% used [0x00000000d8200000,0x00000000d8200000,0x00000000d8700000)
 ParOldGen       total 59904K, used 7377K [0x0000000082600000, 0x0000000086080000, 0x00000000d6200000)
  object space 59904K, 12% used [0x0000000082600000,0x0000000082d34588,0x0000000086080000)
 Metaspace       used 23219K, capacity 24766K, committed 24832K, reserved 1071104K
  class space    used 2996K, capacity 3289K, committed 3328K, reserved 1048576K
}

