# JRE version: Java(TM) SE Runtime Environment (8.0_261-b12) (build 1.8.0_261-b12)
# Java VM: Java HotSpot(TM) 64-Bit Server VM (25.261-b12 mixed mode windows-amd64 compressed oops)
Heap:
 PSYoungGen      total 156160K, used 1095K [0x00000000d6200000, 0x00000000e0780000, 0x0000000100000000)
  eden space 144896K, 0% used [0x00000000d6200000,0x00000000d6200000,0x00000000def80000)
  from space 11264K, 9% used [0x00000000def80000,0x00000000df091e68,0x00000000dfa80000)
  to   space 10752K, 0% used [0x00000000dfa80000,0x00000000dfa80000,0x00000000e0500000)
 ParOldGen       total 58368K, used 13540K [0x0000000082600000, 0x0000000085f00000, 0x00000000d6200000)
  object space 58368K, 23% used [0x0000000082600000,0x0000000083339058,0x0000000085f00000)
 Metaspace       used 33494K, capacity 36138K, committed 36184K, reserved 1085440K
  class space    used 4496K, capacity 4951K, committed 4952K, reserved 1048576K
GC Heap History (10 events):
Event: 4.707 GC heap before
{Heap before GC invocations=6 (full 1):
 PSYoungGen      total 70656K, used 65536K [0x00000000d6200000, 0x00000000dac00000, 0x0000000100000000)
  eden space 65536K, 100% used [0x00000000d6200000,0x00000000da200000,0x00000000da200000)
  from space 5120K, 0% used [0x00000000da700000,0x00000000da700000,0x00000000dac00000)
  to   space 5120K, 0% used [0x00000000da200000,0x00000000da200000,0x00000000da700000)
 ParOldGen       total 58368K, used 7590K [0x0000000082600000, 0x0000000085f00000, 0x00000000d6200000)
  object space 58368K, 13% used [0x0000000082600000,0x0000000082d69a70,0x0000000085f00000)
 Metaspace       used 23241K, capacity 24770K, committed 24832K, reserved 1071104K
  class space    used 2999K, capacity 3315K, committed 3328K, reserved 1048576K
Event: 4.713 GC heap after
Heap after GC invocations=6 (full 1):
 PSYoungGen      total 70656K, used 5088K [0x00000000d6200000, 0x00000000dd500000, 0x0000000100000000)
  eden space 65536K, 0% used [0x00000000d6200000,0x00000000d6200000,0x00000000da200000)
  from space 5120K, 99% used [0x00000000da200000,0x00000000da6f8038,0x00000000da700000)
  to   space 8704K, 0% used [0x00000000dcc80000,0x00000000dcc80000,0x00000000dd500000)
 ParOldGen       total 58368K, used 8031K [0x0000000082600000, 0x0000000085f00000, 0x00000000d6200000)
  object space 58368K, 13% used [0x0000000082600000,0x0000000082dd7c90,0x0000000085f00000)
 Metaspace       used 23241K, capacity 24770K, committed 24832K, reserved 1071104K
  class space    used 2999K, capacity 3315K, committed 3328K, reserved 1048576K
}
Event: 6.194 GC heap before
{Heap before GC invocations=7 (full 1):
 PSYoungGen      total 70656K, used 70624K [0x00000000d6200000, 0x00000000dd500000, 0x0000000100000000)
  eden space 65536K, 100% used [0x00000000d6200000,0x00000000da200000,0x00000000da200000)
  from space 5120K, 99% used [0x00000000da200000,0x00000000da6f8038,0x00000000da700000)
  to   space 8704K, 0% used [0x00000000dcc80000,0x00000000dcc80000,0x00000000dd500000)
 ParOldGen       total 58368K, used 8031K [0x0000000082600000, 0x0000000085f00000, 0x00000000d6200000)
  object space 58368K, 13% used [0x0000000082600000,0x0000000082dd7c90,0x0000000085f00000)
 Metaspace       used 26847K, capacity 29030K, committed 29312K, reserved 1075200K
  class space    used 3512K, capacity 3903K, committed 3968K, reserved 1048576K
Event: 6.210 GC heap after
Heap after GC invocations=7 (full 1):
 PSYoungGen      total 107008K, used 6887K [0x00000000d6200000, 0x00000000dd400000, 0x0000000100000000)
  eden space 99328K, 0% used [0x00000000d6200000,0x00000000d6200000,0x00000000dc300000)
  from space 7680K, 89% used [0x00000000dcc80000,0x00000000dd339ef8,0x00000000dd400000)
  to   space 8704K, 0% used [0x00000000dc300000,0x00000000dc300000,0x00000000dcb80000)
 ParOldGen       total 58368K, used 8031K [0x0000000082600000, 0x0000000085f00000, 0x00000000d6200000)
  object space 58368K, 13% used [0x0000000082600000,0x0000000082dd7c90,0x0000000085f00000)
 Metaspace       used 26847K, capacity 29030K, committed 29312K, reserved 1075200K
  class space    used 3512K, capacity 3903K, committed 3968K, reserved 1048576K
}
Event: 9.202 GC heap before
{Heap before GC invocations=8 (full 1):
 PSYoungGen      total 107008K, used 106215K [0x00000000d6200000, 0x00000000dd400000, 0x0000000100000000)
  eden space 99328K, 100% used [0x00000000d6200000,0x00000000dc300000,0x00000000dc300000)
  from space 7680K, 89% used [0x00000000dcc80000,0x00000000dd339ef8,0x00000000dd400000)
  to   space 8704K, 0% used [0x00000000dc300000,0x00000000dc300000,0x00000000dcb80000)
 ParOldGen       total 58368K, used 8031K [0x0000000082600000, 0x0000000085f00000, 0x00000000d6200000)
  object space 58368K, 13% used [0x0000000082600000,0x0000000082dd7c90,0x0000000085f00000)
 Metaspace       used 30025K, capacity 32468K, committed 32640K, reserved 1077248K
  class space    used 3955K, capacity 4366K, committed 4480K, reserved 1048576K
Event: 9.214 GC heap after
Heap after GC invocations=8 (full 1):
 PSYoungGen      total 108032K, used 8676K [0x00000000d6200000, 0x00000000e0500000, 0x0000000100000000)
  eden space 99328K, 0% used [0x00000000d6200000,0x00000000d6200000,0x00000000dc300000)
  from space 8704K, 99% used [0x00000000dc300000,0x00000000dcb79040,0x00000000dcb80000)
  to   space 10752K, 0% used [0x00000000dfa80000,0x00000000dfa80000,0x00000000e0500000)
 ParOldGen       total 58368K, used 10308K [0x0000000082600000, 0x0000000085f00000, 0x00000000d6200000)
  object space 58368K, 17% used [0x0000000082600000,0x00000000830111e0,0x0000000085f00000)
 Metaspace       used 30025K, capacity 32468K, committed 32640K, reserved 1077248K
  class space    used 3955K, capacity 4366K, committed 4480K, reserved 1048576K
}
Event: 10.233 GC heap before
{Heap before GC invocations=9 (full 1):
 PSYoungGen      total 108032K, used 63812K [0x00000000d6200000, 0x00000000e0500000, 0x0000000100000000)
  eden space 99328K, 55% used [0x00000000d6200000,0x00000000d97d8018,0x00000000dc300000)
  from space 8704K, 99% used [0x00000000dc300000,0x00000000dcb79040,0x00000000dcb80000)
  to   space 10752K, 0% used [0x00000000dfa80000,0x00000000dfa80000,0x00000000e0500000)
 ParOldGen       total 58368K, used 10308K [0x0000000082600000, 0x0000000085f00000, 0x00000000d6200000)
  object space 58368K, 17% used [0x0000000082600000,0x00000000830111e0,0x0000000085f00000)
 Metaspace       used 32723K, capacity 35314K, committed 35416K, reserved 1079296K
  class space    used 4424K, capacity 4877K, committed 4952K, reserved 1048576K
Event: 10.247 GC heap after
Heap after GC invocations=9 (full 1):
 PSYoungGen      total 155648K, used 9509K [0x00000000d6200000, 0x00000000e0780000, 0x0000000100000000)
  eden space 144896K, 0% used [0x00000000d6200000,0x00000000d6200000,0x00000000def80000)
  from space 10752K, 88% used [0x00000000dfa80000,0x00000000e03c96b8,0x00000000e0500000)
  to   space 11264K, 0% used [0x00000000def80000,0x00000000def80000,0x00000000dfa80000)
 ParOldGen       total 58368K, used 10308K [0x0000000082600000, 0x0000000085f00000, 0x00000000d6200000)
  object space 58368K, 17% used [0x0000000082600000,0x00000000830111e0,0x0000000085f00000)
 Metaspace       used 32723K, capacity 35314K, committed 35416K, reserved 1079296K
  class space    used 4424K, capacity 4877K, committed 4952K, reserved 1048576K
}
Event: 10.247 GC heap before
{Heap before GC invocations=10 (full 2):
 PSYoungGen      total 155648K, used 9509K [0x00000000d6200000, 0x00000000e0780000, 0x0000000100000000)
  eden space 144896K, 0% used [0x00000000d6200000,0x00000000d6200000,0x00000000def80000)
  from space 10752K, 88% used [0x00000000dfa80000,0x00000000e03c96b8,0x00000000e0500000)
  to   space 11264K, 0% used [0x00000000def80000,0x00000000def80000,0x00000000dfa80000)
 ParOldGen       total 58368K, used 10308K [0x0000000082600000, 0x0000000085f00000, 0x00000000d6200000)
  object space 58368K, 17% used [0x0000000082600000,0x00000000830111e0,0x0000000085f00000)
 Metaspace       used 32723K, capacity 35314K, committed 35416K, reserved 1079296K
  class space    used 4424K, capacity 4877K, committed 4952K, reserved 1048576K
Event: 10.325 GC heap after
Heap after GC invocations=10 (full 2):
 PSYoungGen      total 155648K, used 0K [0x00000000d6200000, 0x00000000e0780000, 0x0000000100000000)
  eden space 144896K, 0% used [0x00000000d6200000,0x00000000d6200000,0x00000000def80000)
  from space 10752K, 0% used [0x00000000dfa80000,0x00000000dfa80000,0x00000000e0500000)
  to   space 11264K, 0% used [0x00000000def80000,0x00000000def80000,0x00000000dfa80000)
 ParOldGen       total 58368K, used 13540K [0x0000000082600000, 0x0000000085f00000, 0x00000000d6200000)
  object space 58368K, 23% used [0x0000000082600000,0x0000000083339058,0x0000000085f00000)
 Metaspace       used 32723K, capacity 35314K, committed 35416K, reserved 1079296K
  class space    used 4424K, capacity 4877K, committed 4952K, reserved 1048576K
}

